
ROM used:   22504/16384 (69%)
            22504/16384 (69%) including unused fragments

            4.2 Average locations per line
            16.2 Average locations per statement

RAM used:   484/1536 (32%) at main() level
            556/1536 (36%) worst case

Stack used: 12 worst case (6 in main + 6 for interrupts)
Stack size: 31

Lines Stmts  %   Files
----- ----- ---  -----
   69    27   2  rfid_glcd_kapi_oto.c
   31     0   0  rfid_glcd_kapi_oto.h
  701     0   0  C:\Program Files (x86)\PICC\Devices\18F452.h
  358    76   5  HDM64GS12_lys.c
  540   163  12  C:\Program Files (x86)\PICC\Drivers\graphics.c
 2229   257  18  C:\Program Files (x86)\PICC\Drivers\math.h
  423   125   9  C:\Program Files (x86)\PICC\Drivers\string.h
   32     0   0  C:\Program Files (x86)\PICC\Drivers\stddef.h
   28     0   0  C:\Program Files (x86)\PICC\Drivers\ctype.h
  153    60   4  logo_ttteml.c
  209   155  11  Id_12_fonk.c
  100    68   5  rfid_kapi_oto_fonk.c
  104    96   7  rfid_kapi_oto_kesmeler.c
  383   363  26  glcd_menu_islem.c
----- -----
 5360  1390 Total

Page ROM  %  RAM   Vol Diff  Functions:
---- --- --- ---   --- ----  ----------
0     40   0    1             @delay_ms1
0     34   0    1             @delay_us1
0     74   0    1             @GETCH_1_
0    326   1    1   555  3.4  glcd_init
0    236   1    7   779  7.2  glcd_pixel
0    142   0    4   506  4.8  glcd_fillScreen
0     68   0    2   307  2.8  glcd_writeByte
0     66   0    2   318  2.8  glcd_readByte
0    290   1    0             @const650
0    254   1    0             @const654
0    310   1   17  1519  9.2  glcd_line
0    194   0    6  1071  6.1  glcd_rect
0    442   1   20  1595 11.3  glcd_text57
0     58   0    5   129  4.6  strlen
0   1048   2    0             @const975
0   1038   2    0             @const981
0   1038   2    0             @const984
0   1048   2    0             @const987
0   1048   2    0             @const990
0    166   0   11   586  6.0  bitmap_cicek
0    168   0   11   586  6.0  bitmap_kapi_acik
0    150   0   11   586  6.0  bitmap_danis_mek
0    150   0   11   586  6.0  bitmap_kelebek
0    168   0   11   598  5.4  bitmap_tt_logo
0    162   0    6   242  4.5  bipp
0     66   0    6             @WRITEBITA
0     34   0    0    48  1.1  reset_id12
0     48   0    4    86  3.1  clearTag
0     90   0    6   256  6.2  compareTag
0   2734   6    2  6661  6.0  id_oku
0     40   0    0             @const1080
0     42   0    0             @const1081
0     36   0    0             @const1082
0     36   0    0             @const1083
0     38   0    0             @const1084
0     38   0    0             @const1085
0     36   0    0             @const1086
0     36   0    0             @const1087
0     36   0    0             @const1094
0     32   0    0             @const1095
0     76   0    5   351  5.3  hc595_yaz
0    144   0    2   321  4.1  btn_chr_cev
0     14   0    0             @const1119
0    438   1    2   561  1.9  ilk_ekran
0     46   0    0             @const1134
0     46   0    0             @const1135
0     48   0    0             @const1136
0    436   1    2   838  1.9  ogr_sayfa0
0     30   0    0             @const1139
0     30   0    0             @const1140
0     34   0    0             @const1141
0     30   0    0             @const1142
0     36   0    0             @const1143
0     30   0    0             @const1144
0    366   1    2   678  1.9  ogr_sayfa1
0     32   0    0             @const1147
0     36   0    0             @const1148
0     34   0    0             @const1149
0     26   0    0             @const1150
0     38   0    0    70  2.3  timer0_isr
0    260   1    1  1006  4.9  EXT_isr
0    362   1    2   872  1.6  bilgi_menu
0     22   0    0             @const1154
0     22   0    0             @const1155
0     18   0    0             @const1156
0     18   0    0             @const1157
0    198   0   10   529  8.7  kapi_char_al
0     70   0    6   203  5.2  c_sil
0    604   1    2  1150  2.4  sayfa0
0     36   0    0             @const1180
0    604   1    2  1150  2.4  sayfa1
0    292   1    2   480  2.3  sayfa2
0   4950  11    2 18278 10.5  id_menu_kapi
0     46   0    0             @goto12727
0     38   0    0             @const1186
0    730   2    0   702  2.8  MAIN
0     10   0    0             @const1190
0     36   0    2             @PSTRINGC_2
 Inline         0             @cinit1

Program metrics:
    Functions               34
    Statements              1390
    Comments                1045
    Volume (V)              67698
    Difficulty (D)          159.5
    Effort to implement (E) 10795116
    Time to implement (T)   166 hours, 35 minutes
    Est Delivered Bugs (B)  16
    Cyclomatic Complexity   159
    Maintainability (MI)    107

 Segment     Used  Free
-----------  ----  ----
00000-00002     4  0  
00004-00006     0  4  
00008-000A0   154  0  
000A2-07FFE  22346  10260  



